<?xml version="1.0" encoding="UTF-8" ?>
<testsuite failures="0" time="0.042" errors="0" skipped="0" tests="3" name="com.lenovo.lps.push.marketing.common.compatibility.adapters.DataEntrySerializersTest">
  <properties>
[...]
</properties>
  <testcase time="0.024" classname="com.lenovo.lps.push.marketing.common.compatibility.adapters.DataEntrySerializersTest" name="testHitDataEntry"/>
  <testcase time="0.003" classname="com.lenovo.lps.push.marketing.common.compatibility.adapters.DataEntrySerializersTest" name="testAppDataEntry"/>
  <testcase time="0.001" classname="com.lenovo.lps.push.marketing.common.compatibility.adapters.DataEntrySerializersTest" name="testAppFBDataEntry"/>
</testsuite>